  Game.cpp
C:\Users\mikol\53e5d2dc-gr12-repo\Projekt\ProjektPK4\Game.cpp(72,62): warning C4244: "argument": konwersja z "T" do "T", możliwa utrata danych
          with
          [
              T=unsigned int
          ]
          and
          [
              T=float
          ]
C:\Users\mikol\53e5d2dc-gr12-repo\Projekt\ProjektPK4\Game.cpp(75,55): warning C4244: "argument": konwersja z "T" do "T", możliwa utrata danych
          with
          [
              T=unsigned int
          ]
          and
          [
              T=float
          ]
C:\Users\mikol\53e5d2dc-gr12-repo\Projekt\ProjektPK4\Game.cpp(78,64): warning C4244: "argument": konwersja z "T" do "T", możliwa utrata danych
          with
          [
              T=unsigned int
          ]
          and
          [
              T=float
          ]
C:\Users\mikol\53e5d2dc-gr12-repo\Projekt\ProjektPK4\Game.cpp(81,55): warning C4244: "argument": konwersja z "T" do "T", możliwa utrata danych
          with
          [
              T=unsigned int
          ]
          and
          [
              T=float
          ]
C:\Users\mikol\53e5d2dc-gr12-repo\Projekt\ProjektPK4\Game.cpp(861,19): warning C4244: "inicjowanie": konwersja z "double" do "float", możliwa utrata danych
C:\Users\mikol\53e5d2dc-gr12-repo\Projekt\ProjektPK4\Game.cpp(867,21): warning C4267: "=": konwersja z "size_t" do "int", możliwa utrata danych
C:\Users\mikol\53e5d2dc-gr12-repo\Projekt\ProjektPK4\Game.cpp(929,20): warning C4244: "inicjowanie": konwersja z "double" do "float", możliwa utrata danych
C:\Users\mikol\53e5d2dc-gr12-repo\Projekt\ProjektPK4\Game.cpp(935,22): warning C4267: "=": konwersja z "size_t" do "int", możliwa utrata danych
  ProjektPK4.cpp
  Trwa generowanie kodu
  Previous IPDB and IOBJ mismatch, fall back to full compilation.
  All 1928 functions were compiled because no usable IPDB/IOBJ from previous compilation was found.
  Zakończono generowanie kodu
  ProjektPK4.vcxproj -> C:\Users\mikol\53e5d2dc-gr12-repo\Projekt\x64\Release\The Remaining of Us.exe
